Build started 11/30/2012 10:58:54 PM.
     1>Project "C:\Users\akwolfe\Documents\OpenFrameworks\openFrameworks\addons\ofxBeatTracking\example\example.vcxproj" on node 2 (build target(s)).
     1>InitializeBuildStatus:
         Creating "obj\Debug\example.unsuccessfulbuild" because "AlwaysCreate" was specified.
       ClCompile:
         c:\Program Files (x86)\Microsoft Visual Studio 10.0\VC\bin\CL.exe /c /I..\..\..\libs\openFrameworks /I..\..\..\libs\openFrameworks\graphics /I..\..\..\libs\openFrameworks\app /I..\..\..\libs\openFrameworks\sound /I..\..\..\libs\openFrameworks\utils /I..\..\..\libs\openFrameworks\communication /I..\..\..\libs\openFrameworks\video /I..\..\..\libs\openFrameworks\types /I..\..\..\libs\openFrameworks\math /I..\..\..\libs\openFrameworks\3d /I..\..\..\libs\openFrameworks\gl /I..\..\..\libs\openFrameworks\events /I..\..\..\libs\glut\include /I..\..\..\libs\rtAudio\include /I..\..\..\libs\quicktime\include /I..\..\..\libs\freetype\include /I..\..\..\libs\freetype\include\freetype2 /I..\..\..\libs\freeImage\include /I..\..\..\libs\fmodex\include /I..\..\..\libs\videoInput\include /I..\..\..\libs\glew\include\ /I..\..\..\libs\glu\include /I..\..\..\libs\tess2\include /I..\..\..\libs\cairo\include\cairo /I..\..\..\libs\poco\include /I..\..\..\addons /I..\..\..\addons\ofxBeatTracking\libs /I..\..\..\addons\ofxBeatTracking\src /ZI /nologo /W3 /WX- /Od /Oy- /D WIN32 /D _DEBUG /D _CONSOLE /D POCO_STATIC /D CAIRO_WIN32_STATIC_BUILD /D DISABLE_SOME_FLOATING_POINT /D _UNICODE /D UNICODE /Gm /EHsc /RTC1 /MDd /GS /fp:precise /Zc:wchar_t /Zc:forScope /Fo"obj\Debug\\" /Fd"obj\Debug\vc100.pdb" /Gd /TP /analyze- /errorReport:prompt src\testApp.cpp
         testApp.cpp
     1>c:\users\akwolfe\documents\openframeworks\openframeworks\addons\ofxbeattracking\example\src\testapp.cpp(46): error C3872: '0xa0': this character is not allowed in an identifier
     1>c:\users\akwolfe\documents\openframeworks\openframeworks\addons\ofxbeattracking\example\src\testapp.cpp(46): error C3872: '0xa0': this character is not allowed in an identifier
     1>c:\users\akwolfe\documents\openframeworks\openframeworks\addons\ofxbeattracking\example\src\testapp.cpp(47): error C3872: '0xa0': this character is not allowed in an identifier
     1>c:\users\akwolfe\documents\openframeworks\openframeworks\addons\ofxbeattracking\example\src\testapp.cpp(47): error C3872: '0xa0': this character is not allowed in an identifier
     1>c:\users\akwolfe\documents\openframeworks\openframeworks\addons\ofxbeattracking\example\src\testapp.cpp(48): error C3872: '0xa0': this character is not allowed in an identifier
     1>c:\users\akwolfe\documents\openframeworks\openframeworks\addons\ofxbeattracking\example\src\testapp.cpp(48): error C3872: '0xa0': this character is not allowed in an identifier
     1>c:\users\akwolfe\documents\openframeworks\openframeworks\addons\ofxbeattracking\example\src\testapp.cpp(48): error C2065: '  ' : undeclared identifier
     1>c:\users\akwolfe\documents\openframeworks\openframeworks\addons\ofxbeattracking\example\src\testapp.cpp(48): error C2146: syntax error : missing ';' before identifier '  '
     1>c:\users\akwolfe\documents\openframeworks\openframeworks\addons\ofxbeattracking\example\src\testapp.cpp(49): error C2065: '  ' : undeclared identifier
     1>c:\users\akwolfe\documents\openframeworks\openframeworks\addons\ofxbeattracking\example\src\testapp.cpp(49): error C2146: syntax error : missing ';' before identifier '  '
     1>c:\users\akwolfe\documents\openframeworks\openframeworks\addons\ofxbeattracking\example\src\testapp.cpp(49): error C2065: '  ' : undeclared identifier
     1>c:\users\akwolfe\documents\openframeworks\openframeworks\addons\ofxbeattracking\example\src\testapp.cpp(49): error C2146: syntax error : missing ';' before identifier 'bd'
     1>c:\users\akwolfe\documents\openframeworks\openframeworks\addons\ofxbeattracking\example\src\testapp.cpp(57): error C3872: '0xa0': this character is not allowed in an identifier
     1>c:\users\akwolfe\documents\openframeworks\openframeworks\addons\ofxbeattracking\example\src\testapp.cpp(58): error C3872: '0xa0': this character is not allowed in an identifier
     1>c:\users\akwolfe\documents\openframeworks\openframeworks\addons\ofxbeattracking\example\src\testapp.cpp(58): error C3872: '0xa0': this character is not allowed in an identifier
     1>c:\users\akwolfe\documents\openframeworks\openframeworks\addons\ofxbeattracking\example\src\testapp.cpp(58): error C3872: '0xa0': this character is not allowed in an identifier
     1>c:\users\akwolfe\documents\openframeworks\openframeworks\addons\ofxbeattracking\example\src\testapp.cpp(58): error C3872: '0xa0': this character is not allowed in an identifier
     1>c:\users\akwolfe\documents\openframeworks\openframeworks\addons\ofxbeattracking\example\src\testapp.cpp(59): error C3872: '0xa0': this character is not allowed in an identifier
     1>c:\users\akwolfe\documents\openframeworks\openframeworks\addons\ofxbeattracking\example\src\testapp.cpp(59): error C3872: '0xa0': this character is not allowed in an identifier
     1>c:\users\akwolfe\documents\openframeworks\openframeworks\addons\ofxbeattracking\example\src\testapp.cpp(59): error C3872: '0xa0': this character is not allowed in an identifier
     1>c:\users\akwolfe\documents\openframeworks\openframeworks\addons\ofxbeattracking\example\src\testapp.cpp(59): error C3872: '0xa0': this character is not allowed in an identifier
     1>c:\users\akwolfe\documents\openframeworks\openframeworks\addons\ofxbeattracking\example\src\testapp.cpp(59): error C2065: ' ' : undeclared identifier
     1>c:\users\akwolfe\documents\openframeworks\openframeworks\addons\ofxbeattracking\example\src\testapp.cpp(59): error C2146: syntax error : missing ';' before identifier '    '
     1>c:\users\akwolfe\documents\openframeworks\openframeworks\addons\ofxbeattracking\example\src\testapp.cpp(62): error C2065: '    ' : undeclared identifier
     1>c:\users\akwolfe\documents\openframeworks\openframeworks\addons\ofxbeattracking\example\src\testapp.cpp(62): error C2146: syntax error : missing ';' before identifier '    '
     1>c:\users\akwolfe\documents\openframeworks\openframeworks\addons\ofxbeattracking\example\src\testapp.cpp(62): error C2065: '    ' : undeclared identifier
     1>c:\users\akwolfe\documents\openframeworks\openframeworks\addons\ofxbeattracking\example\src\testapp.cpp(62): error C2146: syntax error : missing ';' before identifier 'ofSetColor'
     1>Done Building Project "C:\Users\akwolfe\Documents\OpenFrameworks\openFrameworks\addons\ofxBeatTracking\example\example.vcxproj" (build target(s)) -- FAILED.

Build FAILED.

Time Elapsed 00:00:03.42
